Implied Weighting is ON 
Taxon names is ON 
Will auto-save results to files
bootTreeEvTotal-1 and bootTreeEvTotal-2 every 15 seconds... 
Implied Weighting is ON 
Taxon names is ON 
Will auto-save results to files
bootTreeEvTotal001-1 and bootTreeEvTotal001-2 every 15 seconds... 
Implied Weighting is ON 
Taxon names is ON 
Will auto-save results to files
bootTreeEvTotal-1 and bootTreeEvTotal-2 every 15 seconds... 
Implied Weighting is ON 
Taxon names is ON 
Will auto-save results to files
bootTreeEvTotal002-1 and bootTreeEvTotal002-2 every 15 seconds... 
Implied Weighting is ON 
Taxon names is ON 
Will auto-save results to files
bootTreeEvTotal003-1 and bootTreeEvTotal003-2 every 15 seconds... 
Implied Weighting is ON 
Taxon names is ON 
Will auto-save results to files
bootTreeEvTotal003-1 and bootTreeEvTotal003-2 every 15 seconds... 
Space for 500 trees in memory 
Implied Weighting is ON 
Taxon names is ON 
Will auto-save results to files
bootTreeEvTotal004-1 and bootTreeEvTotal004-2 every 15 seconds... 
Space for 500 trees in memory 
Implied Weighting is ON 
Taxon names is ON 
Will auto-save results to files
bootTreeEvTotal005-1 and bootTreeEvTotal005-2 every 15 seconds... 
Space for 500 trees in memory 
Implied Weighting is ON 
Taxon names is ON 
Will auto-save results to files
bootTreeEvTotal-1 and bootTreeEvTotal-2 every 15 seconds... 
Space for 500 trees in memory 
Implied Weighting is ON 
Taxon names is ON 
Will auto-save results to files
bootTreeEvTotal001-1 and bootTreeEvTotal001-2 every 15 seconds... 
Space for 500 trees in memory 
Implied Weighting is ON 
Taxon names is ON 
Will auto-save results to files
bootTreeEvTotal009-1 and bootTreeEvTotal009-2 every 15 seconds... 
Space for 500 trees in memory 
