Reading from totalEvidenceDasybasis-2024-10-19.mtr 
Matrices will be read as alpha-numeric data 
Matrix space: allocate for up to 16 states 
'Dasybasis
2024 10 19
Classical Morphology
LM
'
Matrix (59x91, 16 states). Memory required for data: 0.27 Mbytes 
Landmark matrix modified for 1 configuration(s) 
minimizing linear distances against taxon Dasybasis_appendiculata
Reading from finalTrees-Das-2024-10-18.tre 
Reading file finalTrees-Das-2024-10-18.tre as NEXUS 
  ... Skipping taxa block ... 
Read 3 trees (0-2) from NEXUS file 
Closing NEXUS file 
Implied Weighting is ON 
Will auto-save results to files
tmptree-1 and tmptree-2 every 300 seconds... 
Reading from totalEvidenceDasybasis-2024-10-19.mtr 
Matrices will be read as alpha-numeric data 
Matrix space: allocate for up to 16 states 
'Dasybasis
2024 10 19
Classical Morphology
LM
'
Matrix (59x91, 16 states). Memory required for data: 0.27 Mbytes 
Landmark matrix modified for 1 configuration(s) 
minimizing linear distances against taxon Dasybasis_appendiculata
Reading from finalTrees-Das-2024-10-18.tre 
Reading file finalTrees-Das-2024-10-18.tre as NEXUS 
  ... Skipping taxa block ... 
Read 3 trees (0-2) from NEXUS file 
Closing NEXUS file 
Implied Weighting is ON 
Will auto-save results to files
tmptree0-1 and tmptree0-2 every 300 seconds... 
Reading from tmptree-2 
'trees saved at 4800 secs.'
25 trees read (trees 3-27) 
Note: setting number of threads to 10 (i.e. the recommended number
for 16 CPUs). This can be changed with "lmark threads N".
5 trees retained (score 0.316657) 
Wrong argument for ratchet: \ 
rat \;  
   ^
 
Iter. Algor.     Tree        Score       Best Score   Time       Rearrangs.
49    RAT        0 of 5      0.31666     0.31666      2:17:16    26,937,672          
50 ratchet iterations completed. 
Total rearrangements examined: 26,937,672. 
Saved 5 trees of score 0.31666. 
Taxon names is ON 
 
Note: for consensus calculation, trees will be 
temporarily collapsed (when min. branch length = 0) 
 
Strict consensus of 5 trees (0 taxa excluded) 
   ,-- Tabanus
   |  ,-- Haematopotina_argentina
   |  |-- schnusei
|--|  |-- boliviame
   |  |-- albotibialis
   |  |-- adornata
   `--|  ,-- testaceomaculata
      |  |  ,-- Stenotabanus_sandyi
      |  |  |     ,-- alticola
      |  |  |  ,--|  ,-- nigrifemur
      `--|  |  |  `----- frequens
         |  |  |     ,-- opaca
         |  |  |     |  ,-- fumifrons
         `--|  |  ,--|  |  ,-- punensis
            |  |  |  `--|  |     ,-- pilifer
            |  |  |     `--|  ,--|  ,-- Haematopotina_pechumani
            |  |  |        |  |  `----- chillan
            |  |  |        `--|  ,-- pallipes
            `--|  |           |  |  ,-- trilinealis
               |  |           `--|  |  ,-- fairchildi
               |  |              `--|  |     ,-- testaceomaculata_longifrons
               |  |                 `--|  ,----- shannoni
               |  |                    |  |     ,-- penai
               |  |                    `--|  ,--|  ,-- colla
               |  |                       |  |  `----- andicola
               |  |                       `--|  ,-- inata
               |  |                          `--|  ,-- cumelafquen
               `--|                             `--|  ,-- bonariensis
                  |                                `--|  ,-- coquimbo
                  |                                   `--|  ,-- pereirai_dureti
                  |                                      `--|  ,-- vasta
                  |                                         `--|  ,-- Dicladocera
                  |                                            `--|  ,-- Scaptiodes_gagatina
                  |                                               `--|  ,-- gentilis
                  |                                                  `--|  ,-- chubutensis
                  |                                                     `--|  ,-- Agelanius
                  |                                                        `--|  ,-- Acellomyia
                  |                                                           `----- hirsuta
                  |     ,-- Dasybasis_appendiculata
                  |  ,--|  ,-- ornatissima
                  |  |  `----- excelsior
                  `--|  ,-- dubiosa
                     |  |  ,-- subtrita
                     `--|  |  ,-- neogrisescens
                        |  |  |        ,-- arauca
                        `--|  |     ,--|  ,-- Nubiloides
                           |  |     |  `----- missionum
                           |  |  ,--|  ,-- limbativena
                           `--|  |  `--|  ,-- kroeberi_picea
                              |  |     `--|  ,-- geminata
                              |  |        `--|  ,-- brethesi
                              |  |           `--|  ,-- trigonophora
                              `--|              `----- bejeranoi
                                 |  ,-- belenensis
                                 |  |  ,-- arica
                                 |  |  |  ,-- bulbula
                                 `--|  |  |     ,-- canipilis
                                    |  |  |     |     ,-- kroeberi
                                    `--|  |  ,--|  ,----- erynnis
                                       |  |  |  |  |  ,-- pereirai
                                       |  |  |  `--|  |  ,-- persignata
                                       `--|  |     `--|  |  ,-- caprii
                                          |  |        `--|  |  ,-- pruinivitta
                                          |  |           `--|  |  ,-- collagua
                                          |  |              `--|  |  ,-- albohirta
                                          |  |                 `--|  |     ,-- nemopunctata
                                          |  |                    `--|  ,----- bruchii
                                          `--|                       `--|  ,-- senilis
                                             |                          `--|  ,-- elquiensis
                                             |                             `--|  ,-- Stenotabanus_incipiens
                                             |                                `----- antillanca
                                             |     ,-- delpontei
                                             |  ,--|  ,-- tritus
                                             |  |  `----- schineri
                                             |  |     ,-- Stenotabanus_taeniotes
                                             `--|  ,----- minor
                                                |  |  ,-- chilensis
                                                `--|  |  ,-- Haematopotina
                                                   `--|  |  ,-- antilope
                                                      `--|  |  ,-- diaguita
                                                         `--|  |     ,-- nigra
                                                            `--|  ,----- delpontei_sepiapes
                                                               |  |  ,-- mendozana
                                                               `--|  |  ,-- fornesi
                                                                  `--|  |  ,-- dixoni
                                                                     `--|  |     ,-- nigrifrons
                                                                        `--|  ,----- albosignata
                                                                           `--|  ,-- testaceomaculata_molestissima
                                                                              `--|  ,-- montium
                                                                                 `--|  ,-- poroma
                                                                                    `----- hepperi

Ccode  
   -]/1 =0  0        -]/1 =0  1        -]/1 =0  2        -]/1 =0  3        -]/1 =0  4      
   -]/1 =0  5        -]/1 =0  6        -]/1 =0  7        -]/1 =0  8        -]/1 =0  9      
   -]/1 =0  10       -]/1 =0  11       -]/1 =0  12       -]/1 =0  13       -]/1 =0  14     
   -]/1 =0  15       -]/1 =0  16       -]/1 =0  17       -]/1 =0  18       -]/1 =0  19     
   -]/1 =0  20       -]/1 =0  21       -]/1 =0  22       -]/1 =0  23       -]/1 =0  24     
   -]/1 =0  25       -]/1 =0  26       -]/1 =0  27       -]/1 =0  28       -]/1 =0  29     
   -]/1 =0  30       -]/1 =0  31       -]/1 =0  32       -]/1 =0  33       -]/1 =0  34     
   -]/1 =0  35       -]/1 =0  36       -]/1 =0  37       -]/1 =0  38       -]/1 =0  39     
   -]/1 =0  40       -]/1 =0  41       -]/1 =0  42       -]/1 =0  43       -]/1 =0  44     
   -]/1 =0  45       -]/1 =0  46       -]/1 =0  47       -]/1 =0  48       -]/1 =0  49     
   -]/1 =0  50       -]/1 =0  51       -]/1 =0  52       -]/1 =0  53       -]/1 =0  54     
   -]/1 =0  55       -]/1 =0  56       -]/1 =0  57       +[/1 =0  58    ; 
Characters: inactive  
 
             0      1      2      3      4      5      6      7      8      9 
                                                                              
      0     X      X      X      X      X      X      X      X      X      X  
     10     X      X      X      X      X      X      X      X      X      X  
     20     X      X      X      X      X      X      X      X      X      X  
     30     X      X      X      X      X      X      X      X      X      X  
     40     X      X      X      X      X      X      X      X      X      X  
     50     X      X      X      X      X      X      X      X         
 

Ccode  
   -]/1 =0  0        -]/1 =0  1        -]/1 =0  2        -]/1 =0  3        -]/1 =0  4      
   -]/1 =0  5        -]/1 =0  6        -]/1 =0  7        -]/1 =0  8        -]/1 =0  9      
   -]/1 =0  10       -]/1 =0  11       -]/1 =0  12       -]/1 =0  13       -]/1 =0  14     
   -]/1 =0  15       -]/1 =0  16       -]/1 =0  17       -]/1 =0  18       -]/1 =0  19     
   -]/1 =0  20       -]/1 =0  21       -]/1 =0  22       -]/1 =0  23       -]/1 =0  24     
   -]/1 =0  25       -]/1 =0  26       -]/1 =0  27       -]/1 =0  28       -]/1 =0  29     
   -]/1 =0  30       -]/1 =0  31       -]/1 =0  32       -]/1 =0  33       -]/1 =0  34     
   -]/1 =0  35       -]/1 =0  36       -]/1 =0  37       -]/1 =0  38       -]/1 =0  39     
   -]/1 =0  40       -]/1 =0  41       -]/1 =0  42       -]/1 =0  43       -]/1 =0  44     
   -]/1 =0  45       -]/1 =0  46       -]/1 =0  47       -]/1 =0  48       -]/1 =0  49     
   -]/1 =0  50       -]/1 =0  51       -]/1 =0  52       -]/1 =0  53       -]/1 =0  54     
   -]/1 =0  55       -]/1 =0  56       -]/1 =0  57       +]/1 =0  58    ; 
Characters: inactive  
 
             0      1      2      3      4      5      6      7      8      9 
                                                                              
      0     X      X      X      X      X      X      X      X      X      X  
     10     X      X      X      X      X      X      X      X      X      X  
     20     X      X      X      X      X      X      X      X      X      X  
     30     X      X      X      X      X      X      X      X      X      X  
     40     X      X      X      X      X      X      X      X      X      X  
     50     X      X      X      X      X      X      X      X      X  
 

Ccode  
   -]/1 =0  0        -]/1 =0  1        -]/1 =0  2        -]/1 =0  3        -]/1 =0  4      
   -]/1 =0  5        -]/1 =0  6        -]/1 =0  7        -]/1 =0  8        -]/1 =0  9      
   -]/1 =0  10       -]/1 =0  11       -]/1 =0  12       -]/1 =0  13       -]/1 =0  14     
   -]/1 =0  15       -]/1 =0  16       -]/1 =0  17       -]/1 =0  18       -]/1 =0  19     
   -]/1 =0  20       -]/1 =0  21       -]/1 =0  22       -]/1 =0  23       -]/1 =0  24     
   -]/1 =0  25       -]/1 =0  26       -]/1 =0  27       -]/1 =0  28       -]/1 =0  29     
   -]/1 =0  30       -]/1 =0  31       -]/1 =0  32       -]/1 =0  33       -]/1 =0  34     
   -]/1 =0  35       -]/1 =0  36       -]/1 =0  37       -]/1 =0  38       -]/1 =0  39     
   -]/1 =0  40       -]/1 =0  41       -]/1 =0  42       -]/1 =0  43       -]/1 =0  44     
   -]/1 =0  45       -]/1 =0  46       -]/1 =0  47       -]/1 =0  48       -]/1 =0  49     
   -]/1 =0  50       -]/1 =0  51       -]/1 =0  52       -]/1 =0  53       -]/1 =0  54     
   -]/1 =0  55       -]/1 =0  56       -]/1 =0  57       +]/1 =0  58    ; 
Characters: active  
 
             0      1      2      3      4      5      6      7      8      9 
                                                                              
      0                                                                       
     10                                                                       
     20                                                                       
     30                                                                       
     40                                                                       
     50                                                                
 
Characters: active  
 
             0      1      2      3      4      5      6      7      8      9 
                                                                              
      0     X      X      X      X      X      X      X      X      X      X  
     10     X      X      X      X      X      X      X      X      X      X  
     20     X      X      X      X      X      X      X      X      X      X  
     30     X      X      X      X      X      X      X      X      X      X  
     40     X      X      X      X      X      X      X      X      X      X  
     50     X      X      X      X      X      X      X      X      X  
 
Characters: inactive  
 
             0      1      2      3      4      5      6      7      8      9 
                                                                              
      0                                                                       
     10                                                                       
     20                                                                       
     30                                                                       
     40                                                                       
     50                                                                
 
1 trees retained (score 19.474272) 
