Taxon names is ON 
Implied Weighting is ON 
Space for 6000 trees in memory 
Repl. Algor.     Tree        Score       Best Score   Time       Rearrangs.
1     FUSE     500           ------      18.37818     0:31:45    194,204,178,628 
Completed search.
Total rearrangements examined: 194,204,178,628. 
No target score defined.  Best score hit 1 times.
Best score: 18.37818.  1 trees retained. 
Iter. Algor.     Tree        Score       Best Score   Time       Rearrangs.
2499  RAT        0 of 1      18.37818    18.37818     0:00:10    987,746,751   
2500 ratchet iterations completed. 
Total rearrangements examined: 987,746,751. 
Saved 1 trees of score 18.37818. 
 
Note: for consensus calculation, trees will be 
temporarily collapsed (when min. branch length = 0) 
Strict consensus of 1 trees (0 taxa excluded) calculated, as tree 1 
Saved trees (Nexus format) to file Dasybasis.p13.tre 
Copied legends: "GC values, 5000 replicates, cut=0 (tree 0) - Standard Bootstrap" 
Average group support: 6.1 
 
Saved trees (Nexus format) to file Dasybasis.boot.p13.tre 
