Implied Weighting is ON 
Space for 6000 trees in memory 
Repl. Algor.     Tree        Score       Best Score   Time       Rearrangs.
1     FUSE     500           ------      12.60462     0:29:06    217,302,678,108 
Completed search.
Total rearrangements examined: 217,302,678,108. 
No target score defined.  Best score hit 1 times.
Best score: 12.60462.  1 trees retained. 
Iter. Algor.     Tree        Score       Best Score   Time       Rearrangs.
2499  RAT        0 of 1      12.60462    12.60462     0:00:09    1,165,986,812 
2500 ratchet iterations completed. 
Total rearrangements examined: 1,165,986,812. 
Saved 1 trees of score 12.60462. 
 
Note: for consensus calculation, trees will be 
temporarily collapsed (when min. branch length = 0) 
Strict consensus of 1 trees (0 taxa excluded) calculated, as tree 1 
Taxon names is ON 
Saved trees (Nexus format) to file DasybasisClasicMorphology.p26.tre 
Copied legends: "GC values, 5000 replicates, cut=0 (tree 0) - Standard Bootstrap" 
Average group support: 7.2 
 
Saved trees (Nexus format) to file DasybasisClasicMorphologyBootPiwe26.tre 
