Space for 6000 trees in memory 
Repl. Algor.     Tree        Score       Best Score   Time       Rearrangs.
1     FUSE     500           ------      579          0:08:52    131,698,690,350 
Completed search.
Total rearrangements examined: 131,698,690,350. 
No target score defined.  Best score hit 1 times.
Best score: 579.  18 trees retained. 
Iter. Algor.     Tree        Score       Best Score   Time       Rearrangs.
2499  RAT        0 of 20     579         579          0:00:02    653,916,402   
2500 ratchet iterations completed. 
Total rearrangements examined: 653,916,402. 
Saved 20 trees of score 579. 
Iter. Algor.     Tree        Score       Best Score   Time       Rearrangs.
4999  RAT        0 of 20     579         579          0:00:05    1,281,522,805 
5000 ratchet iterations completed. 
Total rearrangements examined: 1,281,522,805. 
Saved 20 trees of score 579. 
Iter. Algor.     Tree        Score       Best Score   Time       Rearrangs.
4999  RAT        0 of 20     579         579          0:00:05    1,281,522,805 
5000 ratchet iterations completed. 
Total rearrangements examined: 1,281,522,805. 
Saved 20 trees of score 579. 
Iter. Algor.     Tree        Score       Best Score   Time       Rearrangs.
9999  RAT        0 of 20     579         579          0:00:10    2,570,574,382 
10000 ratchet iterations completed. 
Total rearrangements examined: 2,570,574,382. 
Saved 20 trees of score 579. 
 
Note: for consensus calculation, trees will be 
temporarily collapsed (when min. branch length = 0) 
 
Strict consensus of 20 trees (0 taxa excluded) 
   ,-- Tabanus_importunus
   |  ,-- Dicladocera
|--|  |  ,-- Nubiloides
   `--|  |  ,-- Agelanius
      `--|  |  ,-- Acellomyia
         |  |  |  ,-- antillanca
         `--|  |  |  ,-- shannoni
            |  |  |  |  ,-- trigonophora
            `--|  |  |  |  ,-- collagua
               |  |  |  |  |-- collagua
               |  |  |  |  |-- vasta
               `--|  |  |  |-- tritus
                  |  |  |  |-- senilis
                  |  |  |  |-- schnusei
                  |  |  |  |-- pruinivitta
                  |  |  |  |-- pilifer
                  |  |  |  |-- penai
                  `--|  |  |-- pallipes
                     |  |  |-- nigrifrons
                     |  |  |-- nigrifemur
                     |  |  |-- nigra
                     |  |  |-- inata
                     |  |  |-- hirsuta
                     |  |  |-- fumifrons
                     |  |  |-- frequens
                     |  |  |-- fornesi
                     |  |  |-- excelsior
                     |  |  |-- diaguita
                     `--|  |-- delpontei_sepiapes
                        |  |-- delpontei
                        |  |-- cumelafquen
                        |  |-- coquimbo
                        |  |-- colla
                        |  |-- chubutensis
                        |  |-- chillan
                        |  |-- chilensis
                        |  |-- canipilis
                        |  |-- brethesi
                        |  |-- boliviame
                        |  |-- belenensis
                        |  |-- arica
                        |  |-- arauca
                        |  |-- antilope
                        |  |-- albotibialis
                        |  |-- adornata
                        |  |  ,-- Scaptiodes_gagatina
                        |  |----- opaca
                        |  |  ,-- persignata
                        `--+----- albohirta
                           |  ,-- pereirai_dureti
                           |----- pereirai
                           |  ,-- montium
                           |----- andicola
                           |  ,-- hepperi
                           |----- elquiensis
                           |  ,-- bruchii
                           |----- albosignata
                           |  ,-- Stenotabanus_taeniotes
                           |--+-- Stenotabanus_incipiens
                           |  `-- Stenotabanus_sandyi
                           |  ,-- Haematopotina_pechumani
                           |--+-- Haematopotina_argentina
                           |  `-- Haematopotina
                           |  ,-- testaceomaculata_molestissima
                           |--+-- testaceomaculata_longifrons
                           |  `-- testaceomaculata
                           |  ,-- ornatissima
                           |--|  ,-- subtrita
                           |  `----- mendozana
                           |  ,-- geminata
                           |--|  ,-- kroeberi_picea
                           |  `----- kroeberi
                           |  ,-- Dasybasis_appendiculata
                           |  |  ,-- gentilis
                           |--|  |     ,-- dixoni
                           |  `--|  ,----- dubiosa
                           |     `--|  ,-- trilinealis
                           |        `----- nemopunctata
                           |  ,-- schineri
                           |  |-- punensis
                           |  |-- poroma
                           |--+-- neogrisescens
                           |  |-- limbativena
                           |  |-- fairchildi
                           |  `-- bulbula
                           |  ,-- missionum
                           |  |-- minor
                           |  |-- erynnis
                           `--+-- caprii
                              |-- bonariensis
                              |-- bejeranoi
                              `-- alticola
